# JRE version: Java(TM) SE Runtime Environment (8.0_281-b09) (build 1.8.0_281-b09)
# Java VM: Java HotSpot(TM) 64-Bit Server VM (25.281-b09 mixed mode bsd-amd64 compressed oops)
Heap:
 PSYoungGen      total 43008K, used 19498K [0x000000076ab00000, 0x000000076e100000, 0x00000007c0000000)
  eden space 42496K, 45% used [0x000000076ab00000,0x000000076bdda8e8,0x000000076d480000)
  from space 512K, 37% used [0x000000076e080000,0x000000076e0b0000,0x000000076e100000)
  to   space 512K, 0% used [0x000000076e000000,0x000000076e000000,0x000000076e080000)
 ParOldGen       total 115712K, used 53944K [0x00000006c0000000, 0x00000006c7100000, 0x000000076ab00000)
  object space 115712K, 46% used [0x00000006c0000000,0x00000006c34ae360,0x00000006c7100000)
 Metaspace       used 9231K, capacity 9378K, committed 9600K, reserved 1058816K
  class space    used 1018K, capacity 1085K, committed 1152K, reserved 1048576K
GC Heap History (10 events):
Event: 72.682 GC heap before
{Heap before GC invocations=212 (full 13):
 PSYoungGen      total 45056K, used 38913K [0x000000076ab00000, 0x000000076e100000, 0x00000007c0000000)
  eden space 44544K, 86% used [0x000000076ab00000,0x000000076d0c0650,0x000000076d680000)
  from space 512K, 50% used [0x000000076e080000,0x000000076e0c0000,0x000000076e100000)
  to   space 512K, 0% used [0x000000076e000000,0x000000076e000000,0x000000076e080000)
 ParOldGen       total 118784K, used 76188K [0x00000006c0000000, 0x00000006c7400000, 0x000000076ab00000)
  object space 118784K, 64% used [0x00000006c0000000,0x00000006c4a671f8,0x00000006c7400000)
 Metaspace       used 9231K, capacity 9378K, committed 9600K, reserved 1058816K
  class space    used 1018K, capacity 1085K, committed 1152K, reserved 1048576K
Event: 72.682 GC heap after
Heap after GC invocations=212 (full 13):
 PSYoungGen      total 44544K, used 160K [0x000000076ab00000, 0x000000076e100000, 0x00000007c0000000)
  eden space 44032K, 0% used [0x000000076ab00000,0x000000076ab00000,0x000000076d600000)
  from space 512K, 31% used [0x000000076e000000,0x000000076e028000,0x000000076e080000)
  to   space 512K, 0% used [0x000000076e080000,0x000000076e080000,0x000000076e100000)
 ParOldGen       total 118784K, used 76204K [0x00000006c0000000, 0x00000006c7400000, 0x000000076ab00000)
  object space 118784K, 64% used [0x00000006c0000000,0x00000006c4a6b1f8,0x00000006c7400000)
 Metaspace       used 9231K, capacity 9378K, committed 9600K, reserved 1058816K
  class space    used 1018K, capacity 1085K, committed 1152K, reserved 1048576K
}
Event: 73.231 GC heap before
{Heap before GC invocations=213 (full 13):
 PSYoungGen      total 44544K, used 44192K [0x000000076ab00000, 0x000000076e100000, 0x00000007c0000000)
  eden space 44032K, 100% used [0x000000076ab00000,0x000000076d600000,0x000000076d600000)
  from space 512K, 31% used [0x000000076e000000,0x000000076e028000,0x000000076e080000)
  to   space 512K, 0% used [0x000000076e080000,0x000000076e080000,0x000000076e100000)
 ParOldGen       total 118784K, used 76204K [0x00000006c0000000, 0x00000006c7400000, 0x000000076ab00000)
  object space 118784K, 64% used [0x00000006c0000000,0x00000006c4a6b1f8,0x00000006c7400000)
 Metaspace       used 9231K, capacity 9378K, committed 9600K, reserved 1058816K
  class space    used 1018K, capacity 1085K, committed 1152K, reserved 1048576K
Event: 73.234 GC heap after
Heap after GC invocations=213 (full 13):
 PSYoungGen      total 44032K, used 224K [0x000000076ab00000, 0x000000076e100000, 0x00000007c0000000)
  eden space 43520K, 0% used [0x000000076ab00000,0x000000076ab00000,0x000000076d580000)
  from space 512K, 43% used [0x000000076e080000,0x000000076e0b8000,0x000000076e100000)
  to   space 512K, 0% used [0x000000076e000000,0x000000076e000000,0x000000076e080000)
 ParOldGen       total 118784K, used 98416K [0x00000006c0000000, 0x00000006c7400000, 0x000000076ab00000)
  object space 118784K, 82% used [0x00000006c0000000,0x00000006c601c108,0x00000006c7400000)
 Metaspace       used 9231K, capacity 9378K, committed 9600K, reserved 1058816K
  class space    used 1018K, capacity 1085K, committed 1152K, reserved 1048576K
}
Event: 73.234 GC heap before
{Heap before GC invocations=214 (full 14):
 PSYoungGen      total 44032K, used 224K [0x000000076ab00000, 0x000000076e100000, 0x00000007c0000000)
  eden space 43520K, 0% used [0x000000076ab00000,0x000000076ab00000,0x000000076d580000)
  from space 512K, 43% used [0x000000076e080000,0x000000076e0b8000,0x000000076e100000)
  to   space 512K, 0% used [0x000000076e000000,0x000000076e000000,0x000000076e080000)
 ParOldGen       total 118784K, used 98416K [0x00000006c0000000, 0x00000006c7400000, 0x000000076ab00000)
  object space 118784K, 82% used [0x00000006c0000000,0x00000006c601c108,0x00000006c7400000)
 Metaspace       used 9231K, capacity 9378K, committed 9600K, reserved 1058816K
  class space    used 1018K, capacity 1085K, committed 1152K, reserved 1048576K
Event: 73.239 GC heap after
Heap after GC invocations=214 (full 14):
 PSYoungGen      total 44032K, used 0K [0x000000076ab00000, 0x000000076e100000, 0x00000007c0000000)
  eden space 43520K, 0% used [0x000000076ab00000,0x000000076ab00000,0x000000076d580000)
  from space 512K, 0% used [0x000000076e080000,0x000000076e080000,0x000000076e100000)
  to   space 512K, 0% used [0x000000076e000000,0x000000076e000000,0x000000076e080000)
 ParOldGen       total 115712K, used 9513K [0x00000006c0000000, 0x00000006c7100000, 0x000000076ab00000)
  object space 115712K, 8% used [0x00000006c0000000,0x00000006c094a540,0x00000006c7100000)
 Metaspace       used 9231K, capacity 9378K, committed 9600K, reserved 1058816K
  class space    used 1018K, capacity 1085K, committed 1152K, reserved 1048576K
}
Event: 73.851 GC heap before
{Heap before GC invocations=215 (full 14):
 PSYoungGen      total 44032K, used 43520K [0x000000076ab00000, 0x000000076e100000, 0x00000007c0000000)
  eden space 43520K, 100% used [0x000000076ab00000,0x000000076d580000,0x000000076d580000)
  from space 512K, 0% used [0x000000076e080000,0x000000076e080000,0x000000076e100000)
  to   space 512K, 0% used [0x000000076e000000,0x000000076e000000,0x000000076e080000)
 ParOldGen       total 115712K, used 9513K [0x00000006c0000000, 0x00000006c7100000, 0x000000076ab00000)
  object space 115712K, 8% used [0x00000006c0000000,0x00000006c094a540,0x00000006c7100000)
 Metaspace       used 9231K, capacity 9378K, committed 9600K, reserved 1058816K
  class space    used 1018K, capacity 1085K, committed 1152K, reserved 1048576K
Event: 73.853 GC heap after
Heap after GC invocations=215 (full 14):
 PSYoungGen      total 43520K, used 224K [0x000000076ab00000, 0x000000076e100000, 0x00000007c0000000)
  eden space 43008K, 0% used [0x000000076ab00000,0x000000076ab00000,0x000000076d500000)
  from space 512K, 43% used [0x000000076e000000,0x000000076e038000,0x000000076e080000)
  to   space 512K, 0% used [0x000000076e080000,0x000000076e080000,0x000000076e100000)
 ParOldGen       total 115712K, used 31725K [0x00000006c0000000, 0x00000006c7100000, 0x000000076ab00000)
  object space 115712K, 27% used [0x00000006c0000000,0x00000006c1efb450,0x00000006c7100000)
 Metaspace       used 9231K, capacity 9378K, committed 9600K, reserved 1058816K
  class space    used 1018K, capacity 1085K, committed 1152K, reserved 1048576K
}
Event: 74.450 GC heap before
{Heap before GC invocations=216 (full 14):
 PSYoungGen      total 43520K, used 43232K [0x000000076ab00000, 0x000000076e100000, 0x00000007c0000000)
  eden space 43008K, 100% used [0x000000076ab00000,0x000000076d500000,0x000000076d500000)
  from space 512K, 43% used [0x000000076e000000,0x000000076e038000,0x000000076e080000)
  to   space 512K, 0% used [0x000000076e080000,0x000000076e080000,0x000000076e100000)
 ParOldGen       total 115712K, used 31725K [0x00000006c0000000, 0x00000006c7100000, 0x000000076ab00000)
  object space 115712K, 27% used [0x00000006c0000000,0x00000006c1efb450,0x00000006c7100000)
 Metaspace       used 9231K, capacity 9378K, committed 9600K, reserved 1058816K
  class space    used 1018K, capacity 1085K, committed 1152K, reserved 1048576K
Event: 74.452 GC heap after
Heap after GC invocations=216 (full 14):
 PSYoungGen      total 43008K, used 192K [0x000000076ab00000, 0x000000076e100000, 0x00000007c0000000)
  eden space 42496K, 0% used [0x000000076ab00000,0x000000076ab00000,0x000000076d480000)
  from space 512K, 37% used [0x000000076e080000,0x000000076e0b0000,0x000000076e100000)
  to   space 512K, 0% used [0x000000076e000000,0x000000076e000000,0x000000076e080000)
 ParOldGen       total 115712K, used 53944K [0x00000006c0000000, 0x00000006c7100000, 0x000000076ab00000)
  object space 115712K, 46% used [0x00000006c0000000,0x00000006c34ae360,0x00000006c7100000)
 Metaspace       used 9231K, capacity 9378K, committed 9600K, reserved 1058816K
  class space    used 1018K, capacity 1085K, committed 1152K, reserved 1048576K
}

