# JRE version: Java(TM) SE Runtime Environment (8.0_281-b09) (build 1.8.0_281-b09)
# Java VM: Java HotSpot(TM) 64-Bit Server VM (25.281-b09 mixed mode bsd-amd64 compressed oops)
Heap:
 PSYoungGen      total 28672K, used 8084K [0x000000076ab00000, 0x000000076dd00000, 0x00000007c0000000)
  eden space 28160K, 28% used [0x000000076ab00000,0x000000076b2c5028,0x000000076c680000)
  from space 512K, 25% used [0x000000076dc00000,0x000000076dc20000,0x000000076dc80000)
  to   space 512K, 0% used [0x000000076dc80000,0x000000076dc80000,0x000000076dd00000)
 ParOldGen       total 101888K, used 31839K [0x00000006c0000000, 0x00000006c6380000, 0x000000076ab00000)
  object space 101888K, 31% used [0x00000006c0000000,0x00000006c1f17f38,0x00000006c6380000)
 Metaspace       used 9229K, capacity 9374K, committed 9600K, reserved 1058816K
  class space    used 1018K, capacity 1085K, committed 1152K, reserved 1048576K
GC Heap History (10 events):
Event: 75.304 GC heap before
{Heap before GC invocations=214 (full 15):
 PSYoungGen      total 28672K, used 24219K [0x000000076ab00000, 0x000000076dd00000, 0x00000007c0000000)
  eden space 28160K, 85% used [0x000000076ab00000,0x000000076c27ecd0,0x000000076c680000)
  from space 512K, 31% used [0x000000076dc80000,0x000000076dca8000,0x000000076dd00000)
  to   space 512K, 0% used [0x000000076dc00000,0x000000076dc00000,0x000000076dc80000)
 ParOldGen       total 101888K, used 31815K [0x00000006c0000000, 0x00000006c6380000, 0x000000076ab00000)
  object space 101888K, 31% used [0x00000006c0000000,0x00000006c1f11f38,0x00000006c6380000)
 Metaspace       used 9229K, capacity 9374K, committed 9600K, reserved 1058816K
  class space    used 1018K, capacity 1085K, committed 1152K, reserved 1048576K
Event: 75.305 GC heap after
Heap after GC invocations=214 (full 15):
 PSYoungGen      total 28672K, used 128K [0x000000076ab00000, 0x000000076dd00000, 0x00000007c0000000)
  eden space 28160K, 0% used [0x000000076ab00000,0x000000076ab00000,0x000000076c680000)
  from space 512K, 25% used [0x000000076dc00000,0x000000076dc20000,0x000000076dc80000)
  to   space 512K, 0% used [0x000000076dc80000,0x000000076dc80000,0x000000076dd00000)
 ParOldGen       total 101888K, used 31815K [0x00000006c0000000, 0x00000006c6380000, 0x000000076ab00000)
  object space 101888K, 31% used [0x00000006c0000000,0x00000006c1f11f38,0x00000006c6380000)
 Metaspace       used 9229K, capacity 9374K, committed 9600K, reserved 1058816K
  class space    used 1018K, capacity 1085K, committed 1152K, reserved 1048576K
}
Event: 75.638 GC heap before
{Heap before GC invocations=215 (full 15):
 PSYoungGen      total 28672K, used 24187K [0x000000076ab00000, 0x000000076dd00000, 0x00000007c0000000)
  eden space 28160K, 85% used [0x000000076ab00000,0x000000076c27ecd0,0x000000076c680000)
  from space 512K, 25% used [0x000000076dc00000,0x000000076dc20000,0x000000076dc80000)
  to   space 512K, 0% used [0x000000076dc80000,0x000000076dc80000,0x000000076dd00000)
 ParOldGen       total 101888K, used 31815K [0x00000006c0000000, 0x00000006c6380000, 0x000000076ab00000)
  object space 101888K, 31% used [0x00000006c0000000,0x00000006c1f11f38,0x00000006c6380000)
 Metaspace       used 9229K, capacity 9374K, committed 9600K, reserved 1058816K
  class space    used 1018K, capacity 1085K, committed 1152K, reserved 1048576K
Event: 75.638 GC heap after
Heap after GC invocations=215 (full 15):
 PSYoungGen      total 28672K, used 160K [0x000000076ab00000, 0x000000076dd00000, 0x00000007c0000000)
  eden space 28160K, 0% used [0x000000076ab00000,0x000000076ab00000,0x000000076c680000)
  from space 512K, 31% used [0x000000076dc80000,0x000000076dca8000,0x000000076dd00000)
  to   space 512K, 0% used [0x000000076dc00000,0x000000076dc00000,0x000000076dc80000)
 ParOldGen       total 101888K, used 31815K [0x00000006c0000000, 0x00000006c6380000, 0x000000076ab00000)
  object space 101888K, 31% used [0x00000006c0000000,0x00000006c1f11f38,0x00000006c6380000)
 Metaspace       used 9229K, capacity 9374K, committed 9600K, reserved 1058816K
  class space    used 1018K, capacity 1085K, committed 1152K, reserved 1048576K
}
Event: 75.976 GC heap before
{Heap before GC invocations=216 (full 15):
 PSYoungGen      total 28672K, used 24218K [0x000000076ab00000, 0x000000076dd00000, 0x00000007c0000000)
  eden space 28160K, 85% used [0x000000076ab00000,0x000000076c27ebe0,0x000000076c680000)
  from space 512K, 31% used [0x000000076dc80000,0x000000076dca8000,0x000000076dd00000)
  to   space 512K, 0% used [0x000000076dc00000,0x000000076dc00000,0x000000076dc80000)
 ParOldGen       total 101888K, used 31815K [0x00000006c0000000, 0x00000006c6380000, 0x000000076ab00000)
  object space 101888K, 31% used [0x00000006c0000000,0x00000006c1f11f38,0x00000006c6380000)
 Metaspace       used 9229K, capacity 9374K, committed 9600K, reserved 1058816K
  class space    used 1018K, capacity 1085K, committed 1152K, reserved 1048576K
Event: 75.977 GC heap after
Heap after GC invocations=216 (full 15):
 PSYoungGen      total 28672K, used 96K [0x000000076ab00000, 0x000000076dd00000, 0x00000007c0000000)
  eden space 28160K, 0% used [0x000000076ab00000,0x000000076ab00000,0x000000076c680000)
  from space 512K, 18% used [0x000000076dc00000,0x000000076dc18000,0x000000076dc80000)
  to   space 512K, 0% used [0x000000076dc80000,0x000000076dc80000,0x000000076dd00000)
 ParOldGen       total 101888K, used 31823K [0x00000006c0000000, 0x00000006c6380000, 0x000000076ab00000)
  object space 101888K, 31% used [0x00000006c0000000,0x00000006c1f13f38,0x00000006c6380000)
 Metaspace       used 9229K, capacity 9374K, committed 9600K, reserved 1058816K
  class space    used 1018K, capacity 1085K, committed 1152K, reserved 1048576K
}
Event: 76.332 GC heap before
{Heap before GC invocations=217 (full 15):
 PSYoungGen      total 28672K, used 24155K [0x000000076ab00000, 0x000000076dd00000, 0x00000007c0000000)
  eden space 28160K, 85% used [0x000000076ab00000,0x000000076c27ecd0,0x000000076c680000)
  from space 512K, 18% used [0x000000076dc00000,0x000000076dc18000,0x000000076dc80000)
  to   space 512K, 0% used [0x000000076dc80000,0x000000076dc80000,0x000000076dd00000)
 ParOldGen       total 101888K, used 31823K [0x00000006c0000000, 0x00000006c6380000, 0x000000076ab00000)
  object space 101888K, 31% used [0x00000006c0000000,0x00000006c1f13f38,0x00000006c6380000)
 Metaspace       used 9229K, capacity 9374K, committed 9600K, reserved 1058816K
  class space    used 1018K, capacity 1085K, committed 1152K, reserved 1048576K
Event: 76.332 GC heap after
Heap after GC invocations=217 (full 15):
 PSYoungGen      total 28672K, used 96K [0x000000076ab00000, 0x000000076dd00000, 0x00000007c0000000)
  eden space 28160K, 0% used [0x000000076ab00000,0x000000076ab00000,0x000000076c680000)
  from space 512K, 18% used [0x000000076dc80000,0x000000076dc98000,0x000000076dd00000)
  to   space 512K, 0% used [0x000000076dc00000,0x000000076dc00000,0x000000076dc80000)
 ParOldGen       total 101888K, used 31831K [0x00000006c0000000, 0x00000006c6380000, 0x000000076ab00000)
  object space 101888K, 31% used [0x00000006c0000000,0x00000006c1f15f38,0x00000006c6380000)
 Metaspace       used 9229K, capacity 9374K, committed 9600K, reserved 1058816K
  class space    used 1018K, capacity 1085K, committed 1152K, reserved 1048576K
}
Event: 76.747 GC heap before
{Heap before GC invocations=218 (full 15):
 PSYoungGen      total 28672K, used 24155K [0x000000076ab00000, 0x000000076dd00000, 0x00000007c0000000)
  eden space 28160K, 85% used [0x000000076ab00000,0x000000076c27ecd0,0x000000076c680000)
  from space 512K, 18% used [0x000000076dc80000,0x000000076dc98000,0x000000076dd00000)
  to   space 512K, 0% used [0x000000076dc00000,0x000000076dc00000,0x000000076dc80000)
 ParOldGen       total 101888K, used 31831K [0x00000006c0000000, 0x00000006c6380000, 0x000000076ab00000)
  object space 101888K, 31% used [0x00000006c0000000,0x00000006c1f15f38,0x00000006c6380000)
 Metaspace       used 9229K, capacity 9374K, committed 9600K, reserved 1058816K
  class space    used 1018K, capacity 1085K, committed 1152K, reserved 1048576K
Event: 76.747 GC heap after
Heap after GC invocations=218 (full 15):
 PSYoungGen      total 28672K, used 128K [0x000000076ab00000, 0x000000076dd00000, 0x00000007c0000000)
  eden space 28160K, 0% used [0x000000076ab00000,0x000000076ab00000,0x000000076c680000)
  from space 512K, 25% used [0x000000076dc00000,0x000000076dc20000,0x000000076dc80000)
  to   space 512K, 0% used [0x000000076dc80000,0x000000076dc80000,0x000000076dd00000)
 ParOldGen       total 101888K, used 31839K [0x00000006c0000000, 0x00000006c6380000, 0x000000076ab00000)
  object space 101888K, 31% used [0x00000006c0000000,0x00000006c1f17f38,0x00000006c6380000)
 Metaspace       used 9229K, capacity 9374K, committed 9600K, reserved 1058816K
  class space    used 1018K, capacity 1085K, committed 1152K, reserved 1048576K
}

